This mapping 'snapshot_20171003' was designed for MC 1.12! Use at your own peril.This mapping 'snapshot_20171003' was designed for MC 1.12! Use at your own peril.

:deobfCompileDummyTask
:deobfProvidedDummyTask
:sourceApiJava UP-TO-DATE
:compileApiJava UP-TO-DATE
:processApiResources UP-TO-DATE
:apiClasses UP-TO-DATE
:sourceMainJava UP-TO-DATE
:compileJava
:processResources UP-TO-DATE
:classes
:jar UP-TO-DATE
:sourceTestJava
:compileTestJava UP-TO-DATE
:processTestResources UP-TO-DATE
:testClasses UP-TO-DATE
:test UP-TO-DATE
:extractMcpData SKIPPED
:extractMcpMappings SKIPPED
:getVersionJson
:extractUserdev UP-TO-DATE
:genSrgs SKIPPED
:reobfJar
:extractAnnotationsJar
:extractRangemapReplacedMain
D:\MinecraftModding\VanillaExpanded\build\sources\main\java
:retromapReplacedMain
remapping source...
:sourceJar
:assemble
:check UP-TO-DATE
:build

BUILD SUCCESSFUL

Total time: 5.336 secs
